<?xml version="1.0" encoding="UTF-8"?>
<testsuite name="com.example.PdbTutorial03ApplicationTests" time="0.046" tests="1" errors="1" skipped="0" failures="0">
  <properties>
[...]
</properties>
  <testcase name="initializationError" classname="com.example.PdbTutorial03ApplicationTests" time="0.046">
    <error message="Unable to find a @SpringBootConfiguration, you need to use @ContextConfiguration or @SpringBootTest(classes=...) with your test" type="java.lang.IllegalStateException"><![CDATA[java.lang.IllegalStateException: Unable to find a @SpringBootConfiguration, you need to use @ContextConfiguration or @SpringBootTest(classes=...) with your test
	at org.springframework.util.Assert.state(Assert.java:392)
	at org.springframework.boot.test.context.SpringBootTestContextBootstrapper.getOrFindConfigurationClasses(SpringBootTestContextBootstrapper.java:156)
	at org.springframework.boot.test.context.SpringBootTestContextBootstrapper.processMergedContextConfiguration(SpringBootTestContextBootstrapper.java:116)
	at org.springframework.test.context.support.AbstractTestContextBootstrapper.buildMergedContextConfiguration(AbstractTestContextBootstrapper.java:409)
	at org.springframework.test.context.support.AbstractTestContextBootstrapper.buildDefaultMergedContextConfiguration(AbstractTestContextBootstrapper.java:323)
	at org.springframework.test.context.support.AbstractTestContextBootstrapper.buildMergedContextConfiguration(AbstractTestContextBootstrapper.java:277)
	at org.springframework.test.context.support.AbstractTestContextBootstrapper.buildTestContext(AbstractTestContextBootstrapper.java:112)
	at org.springframework.boot.test.context.SpringBootTestContextBootstrapper.buildTestContext(SpringBootTestContextBootstrapper.java:74)
	at org.springframework.test.context.TestContextManager.<init>(TestContextManager.java:120)
	at org.springframework.test.context.TestContextManager.<init>(TestContextManager.java:105)
	at org.springframework.test.context.junit4.SpringJUnit4ClassRunner.createTestContextManager(SpringJUnit4ClassRunner.java:152)
	at org.springframework.test.context.junit4.SpringJUnit4ClassRunner.<init>(SpringJUnit4ClassRunner.java:143)
	at org.springframework.test.context.junit4.SpringRunner.<init>(SpringRunner.java:49)
	at sun.reflect.NativeConstructorAccessorImpl.newInstance0(Native Method)
	at sun.reflect.NativeConstructorAccessorImpl.newInstance(NativeConstructorAccessorImpl.java:62)
	at sun.reflect.DelegatingConstructorAccessorImpl.newInstance(DelegatingConstructorAccessorImpl.java:45)
	at java.lang.reflect.Constructor.newInstance(Constructor.java:423)
	at org.junit.internal.builders.AnnotatedBuilder.buildRunner(AnnotatedBuilder.java:104)
	at org.junit.internal.builders.AnnotatedBuilder.runnerForClass(AnnotatedBuilder.java:86)
	at org.junit.runners.model.RunnerBuilder.safeRunnerForClass(RunnerBuilder.java:59)
	at org.junit.internal.builders.AllDefaultPossibilitiesBuilder.runnerForClass(AllDefaultPossibilitiesBuilder.java:26)
	at org.junit.runners.model.RunnerBuilder.safeRunnerForClass(RunnerBuilder.java:59)
	at org.junit.internal.requests.ClassRequest.getRunner(ClassRequest.java:33)
	at org.apache.maven.surefire.junit4.JUnit4Provider.execute(JUnit4Provider.java:283)
	at org.apache.maven.surefire.junit4.JUnit4Provider.executeWithRerun(JUnit4Provider.java:173)
	at org.apache.maven.surefire.junit4.JUnit4Provider.executeTestSet(JUnit4Provider.java:153)
	at org.apache.maven.surefire.junit4.JUnit4Provider.invoke(JUnit4Provider.java:128)
	at org.apache.maven.surefire.booter.ForkedBooter.invokeProviderInSameClassLoader(ForkedBooter.java:203)
	at org.apache.maven.surefire.booter.ForkedBooter.runSuitesInProcess(ForkedBooter.java:155)
	at org.apache.maven.surefire.booter.ForkedBooter.main(ForkedBooter.java:103)
]]></error>
    <system-out><![CDATA[20:55:24.507 [main] DEBUG org.springframework.test.context.junit4.SpringJUnit4ClassRunner - SpringJUnit4ClassRunner constructor called with [class com.example.PdbTutorial03ApplicationTests]
20:55:24.522 [main] DEBUG org.springframework.test.context.BootstrapUtils - Instantiating CacheAwareContextLoaderDelegate from class [org.springframework.test.context.cache.DefaultCacheAwareContextLoaderDelegate]
20:55:24.554 [main] DEBUG org.springframework.test.context.BootstrapUtils - Instantiating BootstrapContext using constructor [public org.springframework.test.context.support.DefaultBootstrapContext(java.lang.Class,org.springframework.test.context.CacheAwareContextLoaderDelegate)]
20:55:24.615 [main] DEBUG org.springframework.test.context.BootstrapUtils - Instantiating TestContextBootstrapper for test class [com.example.PdbTutorial03ApplicationTests] from class [org.springframework.boot.test.context.SpringBootTestContextBootstrapper]
20:55:24.662 [main] INFO org.springframework.boot.test.context.SpringBootTestContextBootstrapper - Neither @ContextConfiguration nor @ContextHierarchy found for test class [com.example.PdbTutorial03ApplicationTests], using SpringBootContextLoader
20:55:24.690 [main] DEBUG org.springframework.test.context.support.AbstractContextLoader - Did not detect default resource location for test class [com.example.PdbTutorial03ApplicationTests]: class path resource [com/example/PdbTutorial03ApplicationTests-context.xml] does not exist
20:55:24.692 [main] DEBUG org.springframework.test.context.support.AbstractContextLoader - Did not detect default resource location for test class [com.example.PdbTutorial03ApplicationTests]: class path resource [com/example/PdbTutorial03ApplicationTestsContext.groovy] does not exist
20:55:24.693 [main] INFO org.springframework.test.context.support.AbstractContextLoader - Could not detect default resource locations for test class [com.example.PdbTutorial03ApplicationTests]: no resource found for suffixes {-context.xml, Context.groovy}.
20:55:24.700 [main] INFO org.springframework.test.context.support.AnnotationConfigContextLoaderUtils - Could not detect default configuration classes for test class [com.example.PdbTutorial03ApplicationTests]: PdbTutorial03ApplicationTests does not declare any static, non-private, non-final, nested classes annotated with @Configuration.
20:55:24.835 [main] DEBUG org.springframework.test.context.support.ActiveProfilesUtils - Could not find an 'annotation declaring class' for annotation type [org.springframework.test.context.ActiveProfiles] and class [com.example.PdbTutorial03ApplicationTests]
20:55:25.024 [main] DEBUG org.springframework.core.env.StandardEnvironment - Adding [systemProperties] PropertySource with lowest search precedence
20:55:25.024 [main] DEBUG org.springframework.core.env.StandardEnvironment - Adding [systemEnvironment] PropertySource with lowest search precedence
20:55:25.024 [main] DEBUG org.springframework.core.env.StandardEnvironment - Initialized StandardEnvironment with PropertySources [systemProperties,systemEnvironment]
20:55:25.055 [main] DEBUG org.springframework.core.io.support.PathMatchingResourcePatternResolver - Resolved classpath location [com/example/] to resources [URL [file:/G:/APAP/Tutorial07/Tutorial07Producer/target/test-classes/com/example/], URL [file:/G:/APAP/Tutorial07/Tutorial07Producer/target/classes/com/example/]]
20:55:25.071 [main] DEBUG org.springframework.core.io.support.PathMatchingResourcePatternResolver - Looking for matching resources in directory tree [G:\APAP\Tutorial07\Tutorial07Producer\target\test-classes\com\example]
20:55:25.071 [main] DEBUG org.springframework.core.io.support.PathMatchingResourcePatternResolver - Searching directory [G:\APAP\Tutorial07\Tutorial07Producer\target\test-classes\com\example] for files matching pattern [G:/APAP/Tutorial07/Tutorial07Producer/target/test-classes/com/example/*.class]
20:55:25.071 [main] DEBUG org.springframework.core.io.support.PathMatchingResourcePatternResolver - Looking for matching resources in directory tree [G:\APAP\Tutorial07\Tutorial07Producer\target\classes\com\example]
20:55:25.071 [main] DEBUG org.springframework.core.io.support.PathMatchingResourcePatternResolver - Searching directory [G:\APAP\Tutorial07\Tutorial07Producer\target\classes\com\example] for files matching pattern [G:/APAP/Tutorial07/Tutorial07Producer/target/classes/com/example/*.class]
20:55:25.071 [main] DEBUG org.springframework.core.io.support.PathMatchingResourcePatternResolver - Resolved location pattern [classpath*:com/example/*.class] to resources [file [G:\APAP\Tutorial07\Tutorial07Producer\target\test-classes\com\example\PdbTutorial03ApplicationTests.class]]
20:55:25.133 [main] DEBUG org.springframework.core.io.support.PathMatchingResourcePatternResolver - Resolved classpath location [com/] to resources [URL [jar:file:/C:/Program%20Files%20(x86)/Java/jdk1.8.0_161/jre/lib/ext/jfxrt.jar!/com/], URL [file:/G:/APAP/Tutorial07/Tutorial07Producer/target/test-classes/com/], URL [file:/G:/APAP/Tutorial07/Tutorial07Producer/target/classes/com/], URL [jar:file:/C:/Users/Gani%20Gemilar/.m2/repository/com/fasterxml/classmate/1.3.1/classmate-1.3.1.jar!/com/], URL [jar:file:/C:/Users/Gani%20Gemilar/.m2/repository/com/fasterxml/jackson/core/jackson-databind/2.8.1/jackson-databind-2.8.1.jar!/com/], URL [jar:file:/C:/Users/Gani%20Gemilar/.m2/repository/com/fasterxml/jackson/core/jackson-annotations/2.8.1/jackson-annotations-2.8.1.jar!/com/], URL [jar:file:/C:/Users/Gani%20Gemilar/.m2/repository/com/fasterxml/jackson/core/jackson-core/2.8.1/jackson-core-2.8.1.jar!/com/], URL [jar:file:/C:/Users/Gani%20Gemilar/.m2/repository/org/projectlombok/lombok/1.16.10/lombok-1.16.10.jar!/com/], URL [jar:file:/C:/Users/Gani%20Gemilar/.m2/repository/mysql/mysql-connector-java/5.1.39/mysql-connector-java-5.1.39.jar!/com/], URL [jar:file:/C:/Users/Gani%20Gemilar/.m2/repository/com/jayway/jsonpath/json-path/2.2.0/json-path-2.2.0.jar!/com/]]
20:55:25.133 [main] DEBUG org.springframework.core.io.support.PathMatchingResourcePatternResolver - Looking for matching resources in jar file [file:/C:/Program%20Files%20(x86)/Java/jdk1.8.0_161/jre/lib/ext/jfxrt.jar]
20:55:25.368 [main] DEBUG org.springframework.core.io.support.PathMatchingResourcePatternResolver - Looking for matching resources in directory tree [G:\APAP\Tutorial07\Tutorial07Producer\target\test-classes\com]
20:55:25.368 [main] DEBUG org.springframework.core.io.support.PathMatchingResourcePatternResolver - Searching directory [G:\APAP\Tutorial07\Tutorial07Producer\target\test-classes\com] for files matching pattern [G:/APAP/Tutorial07/Tutorial07Producer/target/test-classes/com/*.class]
20:55:25.368 [main] DEBUG org.springframework.core.io.support.PathMatchingResourcePatternResolver - Looking for matching resources in directory tree [G:\APAP\Tutorial07\Tutorial07Producer\target\classes\com]
20:55:25.368 [main] DEBUG org.springframework.core.io.support.PathMatchingResourcePatternResolver - Searching directory [G:\APAP\Tutorial07\Tutorial07Producer\target\classes\com] for files matching pattern [G:/APAP/Tutorial07/Tutorial07Producer/target/classes/com/*.class]
20:55:25.368 [main] DEBUG org.springframework.core.io.support.PathMatchingResourcePatternResolver - Looking for matching resources in jar file [file:/C:/Users/Gani%20Gemilar/.m2/repository/com/fasterxml/classmate/1.3.1/classmate-1.3.1.jar]
20:55:25.368 [main] DEBUG org.springframework.core.io.support.PathMatchingResourcePatternResolver - Looking for matching resources in jar file [file:/C:/Users/Gani%20Gemilar/.m2/repository/com/fasterxml/jackson/core/jackson-databind/2.8.1/jackson-databind-2.8.1.jar]
20:55:25.383 [main] DEBUG org.springframework.core.io.support.PathMatchingResourcePatternResolver - Looking for matching resources in jar file [file:/C:/Users/Gani%20Gemilar/.m2/repository/com/fasterxml/jackson/core/jackson-annotations/2.8.1/jackson-annotations-2.8.1.jar]
20:55:25.383 [main] DEBUG org.springframework.core.io.support.PathMatchingResourcePatternResolver - Looking for matching resources in jar file [file:/C:/Users/Gani%20Gemilar/.m2/repository/com/fasterxml/jackson/core/jackson-core/2.8.1/jackson-core-2.8.1.jar]
20:55:25.383 [main] DEBUG org.springframework.core.io.support.PathMatchingResourcePatternResolver - Looking for matching resources in jar file [file:/C:/Users/Gani%20Gemilar/.m2/repository/org/projectlombok/lombok/1.16.10/lombok-1.16.10.jar]
20:55:25.399 [main] DEBUG org.springframework.core.io.support.PathMatchingResourcePatternResolver - Looking for matching resources in jar file [file:/C:/Users/Gani%20Gemilar/.m2/repository/mysql/mysql-connector-java/5.1.39/mysql-connector-java-5.1.39.jar]
20:55:25.415 [main] DEBUG org.springframework.core.io.support.PathMatchingResourcePatternResolver - Looking for matching resources in jar file [file:/C:/Users/Gani%20Gemilar/.m2/repository/com/jayway/jsonpath/json-path/2.2.0/json-path-2.2.0.jar]
20:55:25.415 [main] DEBUG org.springframework.core.io.support.PathMatchingResourcePatternResolver - Resolved location pattern [classpath*:com/*.class] to resources []
20:55:25.430 [main] DEBUG org.springframework.test.context.junit4.SpringJUnit4ClassRunner - SpringJUnit4ClassRunner constructor called with [class com.example.PdbTutorial03ApplicationTests]
20:55:25.430 [main] DEBUG org.springframework.test.context.BootstrapUtils - Instantiating CacheAwareContextLoaderDelegate from class [org.springframework.test.context.cache.DefaultCacheAwareContextLoaderDelegate]
20:55:25.430 [main] DEBUG org.springframework.test.context.BootstrapUtils - Instantiating BootstrapContext using constructor [public org.springframework.test.context.support.DefaultBootstrapContext(java.lang.Class,org.springframework.test.context.CacheAwareContextLoaderDelegate)]
20:55:25.430 [main] DEBUG org.springframework.test.context.BootstrapUtils - Instantiating TestContextBootstrapper for test class [com.example.PdbTutorial03ApplicationTests] from class [org.springframework.boot.test.context.SpringBootTestContextBootstrapper]
20:55:25.446 [main] INFO org.springframework.boot.test.context.SpringBootTestContextBootstrapper - Neither @ContextConfiguration nor @ContextHierarchy found for test class [com.example.PdbTutorial03ApplicationTests], using SpringBootContextLoader
20:55:25.446 [main] DEBUG org.springframework.test.context.support.AbstractContextLoader - Did not detect default resource location for test class [com.example.PdbTutorial03ApplicationTests]: class path resource [com/example/PdbTutorial03ApplicationTests-context.xml] does not exist
20:55:25.446 [main] DEBUG org.springframework.test.context.support.AbstractContextLoader - Did not detect default resource location for test class [com.example.PdbTutorial03ApplicationTests]: class path resource [com/example/PdbTutorial03ApplicationTestsContext.groovy] does not exist
20:55:25.446 [main] INFO org.springframework.test.context.support.AbstractContextLoader - Could not detect default resource locations for test class [com.example.PdbTutorial03ApplicationTests]: no resource found for suffixes {-context.xml, Context.groovy}.
20:55:25.446 [main] INFO org.springframework.test.context.support.AnnotationConfigContextLoaderUtils - Could not detect default configuration classes for test class [com.example.PdbTutorial03ApplicationTests]: PdbTutorial03ApplicationTests does not declare any static, non-private, non-final, nested classes annotated with @Configuration.
20:55:25.461 [main] DEBUG org.springframework.test.context.support.ActiveProfilesUtils - Could not find an 'annotation declaring class' for annotation type [org.springframework.test.context.ActiveProfiles] and class [com.example.PdbTutorial03ApplicationTests]
20:55:25.477 [main] DEBUG org.springframework.core.env.StandardEnvironment - Adding [systemProperties] PropertySource with lowest search precedence
20:55:25.477 [main] DEBUG org.springframework.core.env.StandardEnvironment - Adding [systemEnvironment] PropertySource with lowest search precedence
20:55:25.477 [main] DEBUG org.springframework.core.env.StandardEnvironment - Initialized StandardEnvironment with PropertySources [systemProperties,systemEnvironment]
20:55:25.477 [main] DEBUG org.springframework.core.io.support.PathMatchingResourcePatternResolver - Resolved classpath location [com/example/] to resources [URL [file:/G:/APAP/Tutorial07/Tutorial07Producer/target/test-classes/com/example/], URL [file:/G:/APAP/Tutorial07/Tutorial07Producer/target/classes/com/example/]]
20:55:25.477 [main] DEBUG org.springframework.core.io.support.PathMatchingResourcePatternResolver - Looking for matching resources in directory tree [G:\APAP\Tutorial07\Tutorial07Producer\target\test-classes\com\example]
20:55:25.477 [main] DEBUG org.springframework.core.io.support.PathMatchingResourcePatternResolver - Searching directory [G:\APAP\Tutorial07\Tutorial07Producer\target\test-classes\com\example] for files matching pattern [G:/APAP/Tutorial07/Tutorial07Producer/target/test-classes/com/example/*.class]
20:55:25.477 [main] DEBUG org.springframework.core.io.support.PathMatchingResourcePatternResolver - Looking for matching resources in directory tree [G:\APAP\Tutorial07\Tutorial07Producer\target\classes\com\example]
20:55:25.477 [main] DEBUG org.springframework.core.io.support.PathMatchingResourcePatternResolver - Searching directory [G:\APAP\Tutorial07\Tutorial07Producer\target\classes\com\example] for files matching pattern [G:/APAP/Tutorial07/Tutorial07Producer/target/classes/com/example/*.class]
20:55:25.477 [main] DEBUG org.springframework.core.io.support.PathMatchingResourcePatternResolver - Resolved location pattern [classpath*:com/example/*.class] to resources [file [G:\APAP\Tutorial07\Tutorial07Producer\target\test-classes\com\example\PdbTutorial03ApplicationTests.class]]
20:55:25.493 [main] DEBUG org.springframework.core.io.support.PathMatchingResourcePatternResolver - Resolved classpath location [com/] to resources [URL [jar:file:/C:/Program%20Files%20(x86)/Java/jdk1.8.0_161/jre/lib/ext/jfxrt.jar!/com/], URL [file:/G:/APAP/Tutorial07/Tutorial07Producer/target/test-classes/com/], URL [file:/G:/APAP/Tutorial07/Tutorial07Producer/target/classes/com/], URL [jar:file:/C:/Users/Gani%20Gemilar/.m2/repository/com/fasterxml/classmate/1.3.1/classmate-1.3.1.jar!/com/], URL [jar:file:/C:/Users/Gani%20Gemilar/.m2/repository/com/fasterxml/jackson/core/jackson-databind/2.8.1/jackson-databind-2.8.1.jar!/com/], URL [jar:file:/C:/Users/Gani%20Gemilar/.m2/repository/com/fasterxml/jackson/core/jackson-annotations/2.8.1/jackson-annotations-2.8.1.jar!/com/], URL [jar:file:/C:/Users/Gani%20Gemilar/.m2/repository/com/fasterxml/jackson/core/jackson-core/2.8.1/jackson-core-2.8.1.jar!/com/], URL [jar:file:/C:/Users/Gani%20Gemilar/.m2/repository/org/projectlombok/lombok/1.16.10/lombok-1.16.10.jar!/com/], URL [jar:file:/C:/Users/Gani%20Gemilar/.m2/repository/mysql/mysql-connector-java/5.1.39/mysql-connector-java-5.1.39.jar!/com/], URL [jar:file:/C:/Users/Gani%20Gemilar/.m2/repository/com/jayway/jsonpath/json-path/2.2.0/json-path-2.2.0.jar!/com/]]
20:55:25.493 [main] DEBUG org.springframework.core.io.support.PathMatchingResourcePatternResolver - Looking for matching resources in jar file [file:/C:/Program%20Files%20(x86)/Java/jdk1.8.0_161/jre/lib/ext/jfxrt.jar]
20:55:25.571 [main] DEBUG org.springframework.core.io.support.PathMatchingResourcePatternResolver - Looking for matching resources in directory tree [G:\APAP\Tutorial07\Tutorial07Producer\target\test-classes\com]
20:55:25.571 [main] DEBUG org.springframework.core.io.support.PathMatchingResourcePatternResolver - Searching directory [G:\APAP\Tutorial07\Tutorial07Producer\target\test-classes\com] for files matching pattern [G:/APAP/Tutorial07/Tutorial07Producer/target/test-classes/com/*.class]
20:55:25.582 [main] DEBUG org.springframework.core.io.support.PathMatchingResourcePatternResolver - Looking for matching resources in directory tree [G:\APAP\Tutorial07\Tutorial07Producer\target\classes\com]
20:55:25.583 [main] DEBUG org.springframework.core.io.support.PathMatchingResourcePatternResolver - Searching directory [G:\APAP\Tutorial07\Tutorial07Producer\target\classes\com] for files matching pattern [G:/APAP/Tutorial07/Tutorial07Producer/target/classes/com/*.class]
20:55:25.583 [main] DEBUG org.springframework.core.io.support.PathMatchingResourcePatternResolver - Looking for matching resources in jar file [file:/C:/Users/Gani%20Gemilar/.m2/repository/com/fasterxml/classmate/1.3.1/classmate-1.3.1.jar]
20:55:25.583 [main] DEBUG org.springframework.core.io.support.PathMatchingResourcePatternResolver - Looking for matching resources in jar file [file:/C:/Users/Gani%20Gemilar/.m2/repository/com/fasterxml/jackson/core/jackson-databind/2.8.1/jackson-databind-2.8.1.jar]
20:55:25.599 [main] DEBUG org.springframework.core.io.support.PathMatchingResourcePatternResolver - Looking for matching resources in jar file [file:/C:/Users/Gani%20Gemilar/.m2/repository/com/fasterxml/jackson/core/jackson-annotations/2.8.1/jackson-annotations-2.8.1.jar]
20:55:25.599 [main] DEBUG org.springframework.core.io.support.PathMatchingResourcePatternResolver - Looking for matching resources in jar file [file:/C:/Users/Gani%20Gemilar/.m2/repository/com/fasterxml/jackson/core/jackson-core/2.8.1/jackson-core-2.8.1.jar]
20:55:25.599 [main] DEBUG org.springframework.core.io.support.PathMatchingResourcePatternResolver - Looking for matching resources in jar file [file:/C:/Users/Gani%20Gemilar/.m2/repository/org/projectlombok/lombok/1.16.10/lombok-1.16.10.jar]
20:55:25.599 [main] DEBUG org.springframework.core.io.support.PathMatchingResourcePatternResolver - Looking for matching resources in jar file [file:/C:/Users/Gani%20Gemilar/.m2/repository/mysql/mysql-connector-java/5.1.39/mysql-connector-java-5.1.39.jar]
20:55:25.615 [main] DEBUG org.springframework.core.io.support.PathMatchingResourcePatternResolver - Looking for matching resources in jar file [file:/C:/Users/Gani%20Gemilar/.m2/repository/com/jayway/jsonpath/json-path/2.2.0/json-path-2.2.0.jar]
20:55:25.615 [main] DEBUG org.springframework.core.io.support.PathMatchingResourcePatternResolver - Resolved location pattern [classpath*:com/*.class] to resources []
]]></system-out>
  </testcase>
</testsuite>